#
# There is insufficient memory for the Java Runtime Environment to continue.
# Native memory allocation (malloc) failed to allocate 324816 bytes for Chunk::new
# Possible reasons:
#   The system is out of physical RAM or swap space
#   In 32 bit mode, the process size limit was hit
# Possible solutions:
#   Reduce memory load on the system
#   Increase physical memory or swap space
#   Check if swap backing store is full
#   Use 64 bit Java on a 64 bit OS
#   Decrease Java heap size (-Xmx/-Xms)
#   Decrease number of Java threads
#   Decrease Java thread stack sizes (-Xss)
#   Set larger code cache with -XX:ReservedCodeCacheSize=
# This output file may be truncated or incomplete.
#
#  Out of Memory Error (allocation.cpp:390), pid=8368, tid=0x0000000000003a10
#
# JRE version: Java(TM) SE Runtime Environment (8.0_131-b11) (build 1.8.0_131-b11)
# Java VM: Java HotSpot(TM) 64-Bit Server VM (25.131-b11 mixed mode windows-amd64 compressed oops)
# Failed to write core dump. Minidumps are not enabled by default on client versions of Windows
#

---------------  T H R E A D  ---------------

Current thread (0x0000000017b0a000):  JavaThread "C2 CompilerThread1" daemon [_thread_in_native, id=14864, stack(0x000000001a2b0000,0x000000001a3b0000)]

Stack: [0x000000001a2b0000,0x000000001a3b0000]
[error occurred during error reporting (printing stack bounds), id 0xc0000005]

Native frames: (J=compiled Java code, j=interpreted, Vv=VM code, C=native code)


Current CompileTask:
C2:   3444 2976   !   4       java.net.URLClassLoader$1::run (63 bytes)


---------------  P R O C E S S  ---------------

Java Threads: ( => current thread )
  0x0000000002a44000 JavaThread "DestroyJavaVM" [_thread_blocked, id=12628, stack(0x0000000002910000,0x0000000002a10000)]
  0x0000000019a88000 JavaThread "Service Thread" daemon [_thread_blocked, id=12424, stack(0x000000001a5b0000,0x000000001a6b0000)]
  0x0000000019a04000 JavaThread "C1 CompilerThread3" daemon [_thread_blocked, id=9860, stack(0x000000001a4b0000,0x000000001a5b0000)]
  0x0000000017b0e800 JavaThread "C2 CompilerThread2" daemon [_thread_in_native, id=216, stack(0x000000001a3b0000,0x000000001a4b0000)]
=>0x0000000017b0a000 JavaThread "C2 CompilerThread1" daemon [_thread_in_native, id=14864, stack(0x000000001a2b0000,0x000000001a3b0000)]
  0x00000000199fb800 JavaThread "C2 CompilerThread0" daemon [_thread_in_native, id=13624, stack(0x000000001a1b0000,0x000000001a2b0000)]
  0x00000000199f6000 JavaThread "Attach Listener" daemon [_thread_blocked, id=1260, stack(0x000000001a0b0000,0x000000001a1b0000)]
  0x0000000017b04800 JavaThread "Signal Dispatcher" daemon [_thread_blocked, id=4548, stack(0x0000000019fb0000,0x000000001a0b0000)]
  0x00000000199e0800 JavaThread "Finalizer" daemon [_thread_blocked, id=772, stack(0x0000000019dc0000,0x0000000019ec0000)]
  0x0000000002b39000 JavaThread "Reference Handler" daemon [_thread_blocked, id=12544, stack(0x00000000198c0000,0x00000000199c0000)]

Other Threads:
  0x0000000017af9000 VMThread [stack: 0x00000000197c0000,0x00000000198c0000] [id=11556]
  0x0000000019aaa800 WatcherThread [stack: 0x000000001a6b0000,0x000000001a7b0000] [id=9960]

VM state:not at safepoint (normal execution)

VM Mutex/Monitor currently owned by a thread: None

Heap:
 PSYoungGen      total 136192K, used 8443K [0x00000000d6000000, 0x00000000df500000, 0x0000000100000000)
  eden space 126464K, 6% used [0x00000000d6000000,0x00000000d683ee88,0x00000000ddb80000)
  from space 9728K, 0% used [0x00000000deb80000,0x00000000deb80000,0x00000000df500000)
  to   space 9728K, 0% used [0x00000000ddb80000,0x00000000ddb80000,0x00000000de500000)
 ParOldGen       total 66560K, used 14662K [0x0000000082000000, 0x0000000086100000, 0x00000000d6000000)
  object space 66560K, 22% used [0x0000000082000000,0x0000000082e51b08,0x0000000086100000)
 Metaspace       used 27342K, capacity 27738K, committed 27904K, reserved 1075200K
  class space    used 3489K, capacity 3584K, committed 3584K, reserved 1048576K

Card table byte_map: [0x0000000011f80000,0x0000000012380000] byte_map_base: 0x0000000011b70000

Marking Bits: (ParMarkBitMap*) 0x000000006eddc720
 Begin Bits: [0x0000000012e20000, 0x0000000014da0000)
 End Bits:   [0x0000000014da0000, 0x0000000016d20000)

Polling page: 0x0000000002a10000

CodeCache: size=245760Kb used=12255Kb max_used=12255Kb free=233504Kb
 bounds [0x0000000002bc0000, 0x00000000037c0000, 0x0000000011bc0000]
 total_blobs=3553 nmethods=3169 adapters=295
 compilation: disabled (not enough contiguous free space left)

Compilation events (10 events):
Event: 3.196 Thread 0x0000000019a04000 3118       3       java.util.Collections::emptyList (4 bytes)
Event: 3.196 Thread 0x0000000019a04000 nmethod 3118 0x0000000003792410 code [0x0000000003792560, 0x0000000003792690]
Event: 3.196 Thread 0x0000000019a04000 3121       1       org.hibernate.validator.internal.metadata.aggregated.MetaDataBuilder::getConstraints (5 bytes)
Event: 3.196 Thread 0x0000000019a04000 nmethod 3121 0x0000000003792710 code [0x0000000003792860, 0x0000000003792970]
Event: 3.196 Thread 0x0000000019a04000 3122       1       org.hibernate.validator.internal.metadata.aggregated.MetaDataBuilder::getGroupConversions (5 bytes)
Event: 3.196 Thread 0x0000000019a04000 nmethod 3122 0x00000000037929d0 code [0x0000000003792b20, 0x0000000003792c30]
Event: 3.212 Thread 0x0000000019a04000 3124   !   3       java.io.FileInputStream::close (62 bytes)
Event: 3.212 Thread 0x0000000019a04000 nmethod 3124 0x0000000003793250 code [0x00000000037933e0, 0x0000000003793a58]
Event: 3.223 Thread 0x0000000019a04000 3125       3       java.io.BufferedReader::readLine (6 bytes)
Event: 3.223 Thread 0x0000000019a04000 nmethod 3125 0x0000000003793c50 code [0x0000000003793dc0, 0x0000000003793f68]

GC Heap History (10 events):
Event: 1.621 GC heap after
Heap after GC invocations=5 (full 0):
 PSYoungGen      total 70656K, used 5090K [0x00000000d6000000, 0x00000000df200000, 0x0000000100000000)
  eden space 65536K, 0% used [0x00000000d6000000,0x00000000d6000000,0x00000000da000000)
  from space 5120K, 99% used [0x00000000da000000,0x00000000da4f88f8,0x00000000da500000)
  to   space 9216K, 0% used [0x00000000de900000,0x00000000de900000,0x00000000df200000)
 ParOldGen       total 86016K, used 13387K [0x0000000082000000, 0x0000000087400000, 0x00000000d6000000)
  object space 86016K, 15% used [0x0000000082000000,0x0000000082d12eb8,0x0000000087400000)
 Metaspace       used 20792K, capacity 21078K, committed 21296K, reserved 1069056K
  class space    used 2570K, capacity 2666K, committed 2688K, reserved 1048576K
}
Event: 1.621 GC heap before
{Heap before GC invocations=6 (full 1):
 PSYoungGen      total 70656K, used 5090K [0x00000000d6000000, 0x00000000df200000, 0x0000000100000000)
  eden space 65536K, 0% used [0x00000000d6000000,0x00000000d6000000,0x00000000da000000)
  from space 5120K, 99% used [0x00000000da000000,0x00000000da4f88f8,0x00000000da500000)
  to   space 9216K, 0% used [0x00000000de900000,0x00000000de900000,0x00000000df200000)
 ParOldGen       total 86016K, used 13387K [0x0000000082000000, 0x0000000087400000, 0x00000000d6000000)
  object space 86016K, 15% used [0x0000000082000000,0x0000000082d12eb8,0x0000000087400000)
 Metaspace       used 20792K, capacity 21078K, committed 21296K, reserved 1069056K
  class space    used 2570K, capacity 2666K, committed 2688K, reserved 1048576K
Event: 1.656 GC heap after
Heap after GC invocations=6 (full 1):
 PSYoungGen      total 70656K, used 0K [0x00000000d6000000, 0x00000000df200000, 0x0000000100000000)
  eden space 65536K, 0% used [0x00000000d6000000,0x00000000d6000000,0x00000000da000000)
  from space 5120K, 0% used [0x00000000da000000,0x00000000da000000,0x00000000da500000)
  to   space 9216K, 0% used [0x00000000de900000,0x00000000de900000,0x00000000df200000)
 ParOldGen       total 66560K, used 11687K [0x0000000082000000, 0x0000000086100000, 0x00000000d6000000)
  object space 66560K, 17% used [0x0000000082000000,0x0000000082b69d38,0x0000000086100000)
 Metaspace       used 20792K, capacity 21078K, committed 21296K, reserved 1069056K
  class space    used 2570K, capacity 2666K, committed 2688K, reserved 1048576K
}
Event: 2.131 GC heap before
{Heap before GC invocations=7 (full 1):
 PSYoungGen      total 70656K, used 65536K [0x00000000d6000000, 0x00000000df200000, 0x0000000100000000)
  eden space 65536K, 100% used [0x00000000d6000000,0x00000000da000000,0x00000000da000000)
  from space 5120K, 0% used [0x00000000da000000,0x00000000da000000,0x00000000da500000)
  to   space 9216K, 0% used [0x00000000de900000,0x00000000de900000,0x00000000df200000)
 ParOldGen       total 66560K, used 11687K [0x0000000082000000, 0x0000000086100000, 0x00000000d6000000)
  object space 66560K, 17% used [0x0000000082000000,0x0000000082b69d38,0x0000000086100000)
 Metaspace       used 21844K, capacity 22170K, committed 22576K, reserved 1069056K
  class space    used 2738K, capacity 2832K, committed 2944K, reserved 1048576K
Event: 2.135 GC heap after
Heap after GC invocations=7 (full 1):
 PSYoungGen      total 99840K, used 5629K [0x00000000d6000000, 0x00000000dee80000, 0x0000000100000000)
  eden space 94208K, 0% used [0x00000000d6000000,0x00000000d6000000,0x00000000dbc00000)
  from space 5632K, 99% used [0x00000000de900000,0x00000000dee7f408,0x00000000dee80000)
  to   space 9728K, 0% used [0x00000000ddb80000,0x00000000ddb80000,0x00000000de500000)
 ParOldGen       total 66560K, used 11695K [0x0000000082000000, 0x0000000086100000, 0x00000000d6000000)
  object space 66560K, 17% used [0x0000000082000000,0x0000000082b6bd38,0x0000000086100000)
 Metaspace       used 21844K, capacity 22170K, committed 22576K, reserved 1069056K
  class space    used 2738K, capacity 2832K, committed 2944K, reserved 1048576K
}
Event: 3.199 GC heap before
{Heap before GC invocations=8 (full 1):
 PSYoungGen      total 99840K, used 99837K [0x00000000d6000000, 0x00000000dee80000, 0x0000000100000000)
  eden space 94208K, 100% used [0x00000000d6000000,0x00000000dbc00000,0x00000000dbc00000)
  from space 5632K, 99% used [0x00000000de900000,0x00000000dee7f408,0x00000000dee80000)
  to   space 9728K, 0% used [0x00000000ddb80000,0x00000000ddb80000,0x00000000de500000)
 ParOldGen       total 66560K, used 11695K [0x0000000082000000, 0x0000000086100000, 0x00000000d6000000)
  object space 66560K, 17% used [0x0000000082000000,0x0000000082b6bd38,0x0000000086100000)
 Metaspace       used 26694K, capacity 27098K, committed 27392K, reserved 1073152K
  class space    used 3410K, capacity 3520K, committed 3584K, reserved 1048576K
Event: 3.211 GC heap after
Heap after GC invocations=8 (full 1):
 PSYoungGen      total 136192K, used 8712K [0x00000000d6000000, 0x00000000df500000, 0x0000000100000000)
  eden space 126464K, 0% used [0x00000000d6000000,0x00000000d6000000,0x00000000ddb80000)
  from space 9728K, 89% used [0x00000000ddb80000,0x00000000de4022a0,0x00000000de500000)
  to   space 9728K, 0% used [0x00000000deb80000,0x00000000deb80000,0x00000000df500000)
 ParOldGen       total 66560K, used 11703K [0x0000000082000000, 0x0000000086100000, 0x00000000d6000000)
  object space 66560K, 17% used [0x0000000082000000,0x0000000082b6dd38,0x0000000086100000)
 Metaspace       used 26694K, capacity 27098K, committed 27392K, reserved 1073152K
  class space    used 3410K, capacity 3520K, committed 3584K, reserved 1048576K
}
Event: 3.230 GC heap before
{Heap before GC invocations=9 (full 1):
 PSYoungGen      total 136192K, used 11073K [0x00000000d6000000, 0x00000000df500000, 0x0000000100000000)
  eden space 126464K, 1% used [0x00000000d6000000,0x00000000d624e4c0,0x00000000ddb80000)
  from space 9728K, 89% used [0x00000000ddb80000,0x00000000de4022a0,0x00000000de500000)
  to   space 9728K, 0% used [0x00000000deb80000,0x00000000deb80000,0x00000000df500000)
 ParOldGen       total 66560K, used 11703K [0x0000000082000000, 0x0000000086100000, 0x00000000d6000000)
  object space 66560K, 17% used [0x0000000082000000,0x0000000082b6dd38,0x0000000086100000)
 Metaspace       used 26819K, capacity 27162K, committed 27392K, reserved 1077248K
  class space    used 3430K, capacity 3520K, committed 3584K, reserved 1048576K
Event: 3.235 GC heap after
Heap after GC invocations=9 (full 1):
 PSYoungGen      total 136192K, used 4564K [0x00000000d6000000, 0x00000000df500000, 0x0000000100000000)
  eden space 126464K, 0% used [0x00000000d6000000,0x00000000d6000000,0x00000000ddb80000)
  from space 9728K, 46% used [0x00000000deb80000,0x00000000deff5030,0x00000000df500000)
  to   space 9728K, 0% used [0x00000000ddb80000,0x00000000ddb80000,0x00000000de500000)
 ParOldGen       total 66560K, used 11703K [0x0000000082000000, 0x0000000086100000, 0x00000000d6000000)
  object space 66560K, 17% used [0x0000000082000000,0x0000000082b6dd38,0x0000000086100000)
 Metaspace       used 26819K, capacity 27162K, committed 27392K, reserved 1077248K
  class space    used 3430K, capacity 3520K, committed 3584K, reserved 1048576K
}
Event: 3.235 GC heap before
{Heap before GC invocations=10 (full 2):
 PSYoungGen      total 136192K, used 4564K [0x00000000d6000000, 0x00000000df500000, 0x0000000100000000)
  eden space 126464K, 0% used [0x00000000d6000000,0x00000000d6000000,0x00000000ddb80000)
  from space 9728K, 46% used [0x00000000deb80000,0x00000000deff5030,0x00000000df500000)
  to   space 9728K, 0% used [0x00000000ddb80000,0x00000000ddb80000,0x00000000de500000)
 ParOldGen       total 66560K, used 11703K [0x0000000082000000, 0x0000000086100000, 0x00000000d6000000)
  object space 66560K, 17% used [0x0000000082000000,0x0000000082b6dd38,0x0000000086100000)
 Metaspace       used 26819K, capacity 27162K, committed 27392K, reserved 1077248K
  class space    used 3430K, capacity 3520K, committed 3584K, reserved 1048576K

Deoptimization events (10 events):
Event: 2.876 Thread 0x0000000002a44000 Uncommon trap: reason=unstable_if action=reinterpret pc=0x00000000036c5398 method=org.springframework.asm.Type.getArgumentsAndReturnSizes(Ljava/lang/String;)I @ 88
Event: 2.908 Thread 0x0000000002a44000 Uncommon trap: reason=unstable_if action=reinterpret pc=0x000000000302ef08 method=java.util.concurrent.ConcurrentHashMap.get(Ljava/lang/Object;)Ljava/lang/Object; @ 76
Event: 3.143 Thread 0x0000000002a44000 Uncommon trap: reason=unstable_if action=reinterpret pc=0x0000000002eb8580 method=org.springframework.boot.bind.DefaultPropertyNamePatternsMatcher.matches(Ljava/lang/String;)Z @ 213
Event: 3.148 Thread 0x0000000002a44000 Uncommon trap: reason=unstable_if action=reinterpret pc=0x0000000002eb6978 method=org.springframework.boot.bind.DefaultPropertyNamePatternsMatcher.matches(Ljava/lang/String;)Z @ 112
Event: 3.219 Thread 0x0000000002a44000 Uncommon trap: reason=bimorphic action=maybe_recompile pc=0x0000000003449404 method=java.util.AbstractCollection.toArray()[Ljava/lang/Object; @ 1
Event: 3.223 Thread 0x0000000002a44000 Uncommon trap: reason=class_check action=maybe_recompile pc=0x00000000031dc154 method=java.util.regex.Pattern$CharProperty$1.isSatisfiedBy(I)Z @ 5
Event: 3.223 Thread 0x0000000002a44000 Uncommon trap: reason=class_check action=maybe_recompile pc=0x00000000031dc154 method=java.util.regex.Pattern$CharProperty$1.isSatisfiedBy(I)Z @ 5
Event: 3.223 Thread 0x0000000002a44000 Uncommon trap: reason=class_check action=maybe_recompile pc=0x00000000031dc154 method=java.util.regex.Pattern$CharProperty$1.isSatisfiedBy(I)Z @ 5
Event: 3.223 Thread 0x0000000002a44000 Uncommon trap: reason=class_check action=maybe_recompile pc=0x00000000031dc154 method=java.util.regex.Pattern$CharProperty$1.isSatisfiedBy(I)Z @ 5
Event: 3.223 Thread 0x0000000002a44000 Uncommon trap: reason=class_check action=maybe_recompile pc=0x00000000034d1194 method=java.util.regex.Pattern$Curly.match0(Ljava/util/regex/Matcher;IILjava/lang/CharSequence;)Z @ 77

Internal exceptions (10 events):
Event: 3.115 Thread 0x0000000002a44000 Exception <a 'java/lang/ClassNotFoundException': org/springframework/boot/autoconfigure/web/ServerPropertiesAutoConfigurationCustomizer> (0x00000000db6abeb8) thrown at [C:\re\workspace\8-2-build-windows-amd64-cygwin\jdk8u131\8869\hotspot\src\share\vm\clas
Event: 3.116 Thread 0x0000000002a44000 Exception <a 'java/lang/ClassNotFoundException': org/springframework/boot/autoconfigure/web/ServerPropertiesAutoConfiguration$$EnhancerBySpringCGLIB$$93867712Customizer> (0x00000000db6cd068) thrown at [C:\re\workspace\8-2-build-windows-amd64-cygwin\jdk8u1
Event: 3.117 Thread 0x0000000002a44000 Exception <a 'java/lang/ClassNotFoundException': org/springframework/context/annotation/ConfigurationClassEnhancer$EnhancedConfigurationCustomizer> (0x00000000db6efb98) thrown at [C:\re\workspace\8-2-build-windows-amd64-cygwin\jdk8u131\8869\hotspot\src\sh
Event: 3.135 Thread 0x0000000002a44000 Exception <a 'java/lang/ClassNotFoundException': java/lang/ObjectCustomizer> (0x00000000db7e4550) thrown at [C:\re\workspace\8-2-build-windows-amd64-cygwin\jdk8u131\8869\hotspot\src\share\vm\classfile\systemDictionary.cpp, line 210]
Event: 3.136 Thread 0x0000000002a44000 Exception <a 'java/lang/ClassNotFoundException': org/springframework/boot/autoconfigure/web/ServerPropertiesCustomizer> (0x00000000db7fc7b8) thrown at [C:\re\workspace\8-2-build-windows-amd64-cygwin\jdk8u131\8869\hotspot\src\share\vm\classfile\systemDicti
Event: 3.138 Thread 0x0000000002a44000 Exception <a 'java/lang/ClassNotFoundException': org/springframework/boot/context/embedded/EmbeddedServletContainerCustomizerCustomizer> (0x00000000db859f18) thrown at [C:\re\workspace\8-2-build-windows-amd64-cygwin\jdk8u131\8869\hotspot\src\share\vm\clas
Event: 3.139 Thread 0x0000000002a44000 Exception <a 'java/lang/ClassNotFoundException': org/springframework/context/EnvironmentAwareCustomizer> (0x00000000db86bd58) thrown at [C:\re\workspace\8-2-build-windows-amd64-cygwin\jdk8u131\8869\hotspot\src\share\vm\classfile\systemDictionary.cpp, line
Event: 3.139 Thread 0x0000000002a44000 Exception <a 'java/lang/ClassNotFoundException': org/springframework/core/OrderedCustomizer> (0x00000000db87b448) thrown at [C:\re\workspace\8-2-build-windows-amd64-cygwin\jdk8u131\8869\hotspot\src\share\vm\classfile\systemDictionary.cpp, line 210]
Event: 3.152 Thread 0x0000000002a44000 Exception <a 'java/lang/ClassNotFoundException': java/lang/ObjectCustomizer> (0x00000000db93dc80) thrown at [C:\re\workspace\8-2-build-windows-amd64-cygwin\jdk8u131\8869\hotspot\src\share\vm\classfile\systemDictionary.cpp, line 210]
Event: 3.153 Thread 0x0000000002a44000 Exception <a 'java/lang/ClassNotFoundException': org/springframework/boot/autoconfigure/web/ErrorPropertiesCustomizer> (0x00000000db955ff0) thrown at [C:\re\workspace\8-2-build-windows-amd64-cygwin\jdk8u131\8869\hotspot\src\share\vm\classfile\systemDictio

Events (10 events):
Event: 3.229 loading class org/hibernate/jpa/internal/util/PersistenceUtilHelper$ClassMetadataCache done
Event: 3.229 loading class org/hibernate/jpa/internal/util/PersistenceUtilHelper$ClassMetadataCache$1
Event: 3.229 loading class org/hibernate/jpa/internal/util/PersistenceUtilHelper$ClassMetadataCache$1 done
Event: 3.229 loading class org/hibernate/jpa/internal/util/PersistenceUtilHelper$AttributeAccess
Event: 3.229 loading class org/hibernate/jpa/internal/util/PersistenceUtilHelper$AttributeAccess done
Event: 3.230 loading class org/hibernate/jpa/internal/util/PersistenceUtilHelper$FieldAttributeAccess
Event: 3.230 loading class org/hibernate/jpa/internal/util/PersistenceUtilHelper$FieldAttributeAccess done
Event: 3.230 loading class org/hibernate/collection/spi/PersistentCollection
Event: 3.230 loading class org/hibernate/collection/spi/PersistentCollection done
Event: 3.230 Executing VM operation: CollectForMetadataAllocation


Dynamic libraries:
0x00007ff78b840000 - 0x00007ff78b877000 	C:\Program Files\Java\jdk1.8.0_131\bin\javaw.exe
0x00007ffbb3880000 - 0x00007ffbb3a5b000 	C:\WINDOWS\SYSTEM32\ntdll.dll
0x00007ffbb2830000 - 0x00007ffbb28de000 	C:\WINDOWS\System32\KERNEL32.DLL
0x00007ffbafea0000 - 0x00007ffbb00e9000 	C:\WINDOWS\System32\KERNELBASE.dll
0x00007ffbb28e0000 - 0x00007ffbb2981000 	C:\WINDOWS\System32\ADVAPI32.dll
0x00007ffbb0e50000 - 0x00007ffbb0eed000 	C:\WINDOWS\System32\msvcrt.dll
0x00007ffbb37c0000 - 0x00007ffbb3819000 	C:\WINDOWS\System32\sechost.dll
0x00007ffbb2990000 - 0x00007ffbb2ab5000 	C:\WINDOWS\System32\RPCRT4.dll
0x00007ffbb3070000 - 0x00007ffbb31ba000 	C:\WINDOWS\System32\USER32.dll
0x00007ffbb01a0000 - 0x00007ffbb01be000 	C:\WINDOWS\System32\win32u.dll
0x00007ffbb2e50000 - 0x00007ffbb2e77000 	C:\WINDOWS\System32\GDI32.dll
0x00007ffbb09d0000 - 0x00007ffbb0b58000 	C:\WINDOWS\System32\gdi32full.dll
0x00007ffbb0230000 - 0x00007ffbb02ca000 	C:\WINDOWS\System32\msvcp_win.dll
0x00007ffbafda0000 - 0x00007ffbafe96000 	C:\WINDOWS\System32\ucrtbase.dll
0x00007ffba2aa0000 - 0x00007ffba2d07000 	C:\WINDOWS\WinSxS\amd64_microsoft.windows.common-controls_6595b64144ccf1df_6.0.15063.483_none_26002d27e7c744a2\COMCTL32.dll
0x00007ffbb3450000 - 0x00007ffbb3749000 	C:\WINDOWS\System32\combase.dll
0x00007ffbb01c0000 - 0x00007ffbb022a000 	C:\WINDOWS\System32\bcryptPrimitives.dll
0x00007ffbb2e00000 - 0x00007ffbb2e2d000 	C:\WINDOWS\System32\IMM32.DLL
0x000000006e2b0000 - 0x000000006e382000 	C:\Program Files\Java\jdk1.8.0_131\jre\bin\msvcr100.dll
0x000000006e5c0000 - 0x000000006ee5c000 	C:\Program Files\Java\jdk1.8.0_131\jre\bin\server\jvm.dll
0x00007ffbb2770000 - 0x00007ffbb2778000 	C:\WINDOWS\System32\PSAPI.DLL
0x00007ffbae2e0000 - 0x00007ffbae303000 	C:\WINDOWS\SYSTEM32\WINMM.dll
0x00007ffba0f60000 - 0x00007ffba0f6a000 	C:\WINDOWS\SYSTEM32\VERSION.dll
0x00007ffb9e4f0000 - 0x00007ffb9e4f9000 	C:\WINDOWS\SYSTEM32\WSOCK32.dll
0x00007ffbb0de0000 - 0x00007ffbb0e4c000 	C:\WINDOWS\System32\WS2_32.dll
0x00007ffbae2b0000 - 0x00007ffbae2db000 	C:\WINDOWS\SYSTEM32\WINMMBASE.dll
0x00007ffbb0b60000 - 0x00007ffbb0ba9000 	C:\WINDOWS\System32\cfgmgr32.dll
0x000000006e4d0000 - 0x000000006e4df000 	C:\Program Files\Java\jdk1.8.0_131\jre\bin\verify.dll
0x000000006e4a0000 - 0x000000006e4c9000 	C:\Program Files\Java\jdk1.8.0_131\jre\bin\java.dll
0x000000006e480000 - 0x000000006e496000 	C:\Program Files\Java\jdk1.8.0_131\jre\bin\zip.dll
0x00007ffbb1330000 - 0x00007ffbb2767000 	C:\WINDOWS\System32\SHELL32.dll
0x00007ffbb2780000 - 0x00007ffbb282a000 	C:\WINDOWS\System32\shcore.dll
0x00007ffbb02d0000 - 0x00007ffbb09c3000 	C:\WINDOWS\System32\windows.storage.dll
0x00007ffbb3280000 - 0x00007ffbb32d1000 	C:\WINDOWS\System32\shlwapi.dll
0x00007ffbafd80000 - 0x00007ffbafd91000 	C:\WINDOWS\System32\kernel.appcore.dll
0x00007ffbafcf0000 - 0x00007ffbafd3c000 	C:\WINDOWS\System32\powrprof.dll
0x00007ffbafd40000 - 0x00007ffbafd55000 	C:\WINDOWS\System32\profapi.dll
0x000000006e460000 - 0x000000006e47a000 	C:\Program Files\Java\jdk1.8.0_131\jre\bin\net.dll
0x00007ffbaf5a0000 - 0x00007ffbaf5fc000 	C:\WINDOWS\system32\mswsock.dll
0x00007ffb9c440000 - 0x00007ffb9c456000 	C:\WINDOWS\system32\napinsp.dll
0x00007ffb9c420000 - 0x00007ffb9c43a000 	C:\WINDOWS\system32\pnrpnsp.dll
0x00007ffbaca70000 - 0x00007ffbaca88000 	C:\WINDOWS\system32\NLAapi.dll
0x00007ffbaf390000 - 0x00007ffbaf434000 	C:\WINDOWS\SYSTEM32\DNSAPI.dll
0x00007ffbb37b0000 - 0x00007ffbb37b8000 	C:\WINDOWS\System32\NSI.dll
0x00007ffbaf340000 - 0x00007ffbaf377000 	C:\WINDOWS\SYSTEM32\IPHLPAPI.DLL
0x00007ffba5db0000 - 0x00007ffba5dbe000 	C:\WINDOWS\System32\winrnr.dll
0x00007ffba9810000 - 0x00007ffba9825000 	C:\WINDOWS\System32\wshbth.dll
0x00007ffbabe30000 - 0x00007ffbabe3a000 	C:\Windows\System32\rasadhlp.dll
0x00007ffba5580000 - 0x00007ffba55eb000 	C:\WINDOWS\System32\fwpuclnt.dll
0x00007ffbafbc0000 - 0x00007ffbafbe5000 	C:\WINDOWS\SYSTEM32\bcrypt.dll
0x000000006e2a0000 - 0x000000006e2ad000 	C:\Program Files\Java\jdk1.8.0_131\jre\bin\management.dll
0x000000006e440000 - 0x000000006e451000 	C:\Program Files\Java\jdk1.8.0_131\jre\bin\nio.dll
0x00007ffbaf740000 - 0x00007ffbaf757000 	C:\WINDOWS\SYSTEM32\CRYPTSP.dll
0x00007ffbaf1c0000 - 0x00007ffbaf1f4000 	C:\WINDOWS\system32\rsaenh.dll
0x00007ffbafbf0000 - 0x00007ffbafc19000 	C:\WINDOWS\SYSTEM32\USERENV.dll
0x00007ffbaf760000 - 0x00007ffbaf76b000 	C:\WINDOWS\SYSTEM32\CRYPTBASE.dll

VM Arguments:
jvm_args: -Dfile.encoding=UTF-8 
java_command: com.revature.rideshare.Application
java_class_path (initial): C:\Users\Sid\my_git_repos_project3\rideshare\rideshare\target\classes;C:\Users\Sid\.m2\repository\org\springframework\boot\spring-boot-starter-data-jpa\1.4.1.RELEASE\spring-boot-starter-data-jpa-1.4.1.RELEASE.jar;C:\Users\Sid\.m2\repository\org\springframework\boot\spring-boot-starter\1.4.1.RELEASE\spring-boot-starter-1.4.1.RELEASE.jar;C:\Users\Sid\.m2\repository\org\springframework\boot\spring-boot\1.4.1.RELEASE\spring-boot-1.4.1.RELEASE.jar;C:\Users\Sid\.m2\repository\org\springframework\boot\spring-boot-autoconfigure\1.4.1.RELEASE\spring-boot-autoconfigure-1.4.1.RELEASE.jar;C:\Users\Sid\.m2\repository\org\springframework\boot\spring-boot-starter-logging\1.4.1.RELEASE\spring-boot-starter-logging-1.4.1.RELEASE.jar;C:\Users\Sid\.m2\repository\ch\qos\logback\logback-classic\1.1.7\logback-classic-1.1.7.jar;C:\Users\Sid\.m2\repository\ch\qos\logback\logback-core\1.1.7\logback-core-1.1.7.jar;C:\Users\Sid\.m2\repository\org\slf4j\jul-to-slf4j\1.7.21\jul-to-slf4j-1.7.21.jar;C:\Users\Sid\.m2\repository\org\slf4j\log4j-over-slf4j\1.7.21\log4j-over-slf4j-1.7.21.jar;C:\Users\Sid\.m2\repository\org\yaml\snakeyaml\1.17\snakeyaml-1.17.jar;C:\Users\Sid\.m2\repository\org\springframework\boot\spring-boot-starter-aop\1.4.1.RELEASE\spring-boot-starter-aop-1.4.1.RELEASE.jar;C:\Users\Sid\.m2\repository\org\aspectj\aspectjweaver\1.8.9\aspectjweaver-1.8.9.jar;C:\Users\Sid\.m2\repository\org\hibernate\hibernate-core\5.0.11.Final\hibernate-core-5.0.11.Final.jar;C:\Users\Sid\.m2\repository\org\jboss\logging\jboss-logging\3.3.0.Final\jboss-logging-3.3.0.Final.jar;C:\Users\Sid\.m2\repository\org\hibernate\javax\persistence\hibernate-jpa-2.1-api\1.0.0.Final\hibernate-jpa-2.1-api-1.0.0.Final.jar;C:\Users\Sid\.m2\repository\org\javassist\javassist\3.20.0-GA\javassist-3.20.0-GA.jar;C:\Users\Sid\.m2\repository\antlr\antlr\2.7.7\antlr-2.7.7.jar;C:\Users\Sid\.m2\repository\org\jboss\jandex\2.0.0.Final\jandex-2.0.0.Final.jar;C:\Users\Sid\.m2\repository\dom4j\dom4j\1.6.1\
Launcher Type: SUN_STANDARD

Environment Variables:
JAVA_HOME=C:\Program Files\Java\jdk1.8.0_131
PATH=C:/Program Files/Java/jdk1.8.0_131/bin/../jre/bin/server;C:/Program Files/Java/jdk1.8.0_131/bin/../jre/bin;C:/Program Files/Java/jdk1.8.0_131/bin/../jre/lib/amd64;C:\Program Files\Java\jdk1.8.0_131\bin;C:\Program Files (x86)\Razer Chroma SDK\bin;C:\Program Files\Razer Chroma SDK\bin;C:\Program Files (x86)\Intel\iCLS Client\;C:\Program Files\Intel\iCLS Client\;C:\WINDOWS\system32;C:\WINDOWS;C:\WINDOWS\System32\Wbem;C:\WINDOWS\System32\WindowsPowerShell\v1.0\;C:\Program Files (x86)\Intel\OpenCL SDK\2.0\bin\x86;C:\Program Files (x86)\Intel\OpenCL SDK\2.0\bin\x64;C:\Program Files\Intel\Intel(R) Management Engine Components\DAL;C:\Program Files\Intel\Intel(R) Management Engine Components\IPT;C:\Program Files (x86)\Intel\Intel(R) Management Engine Components\DAL;C:\Program Files (x86)\Intel\Intel(R) Management Engine Components\IPT;C:\Program Files\Lenovo\Bluetooth Software\;C:\Program Files\Lenovo\Bluetooth Software\syswow64;C:\Program Files\Intel\WiFi\bin\;C:\Program Files\Common Files\Intel\WirelessCommon\;C:\ProgramData\Oracle\Java\javapath;C:\Program Files (x86)\NVIDIA Corporation\PhysX\Common;C:\WINDOWS\system32;C:\WINDOWS;C:\WINDOWS\System32\Wbem;C:\WINDOWS\System32\WindowsPowerShell\v1.0\;C:\Program Files (x86)\PuTTY\;C:\Program Files (x86)\Skype\Phone\;C:\Program Files\Git\cmd;%NVM_HOME%;%NVM_SYMLINK%;C:\Users\Sid\AppData\Local\Microsoft\WindowsApps;C:\Program Files (x86)\Microsoft VS Code\bin;C:\Users\Sid\AppData\Roaming\npm;C:\Users\Sid\AppData\Roaming\nvm;C:\Program Files\nodejs;C:\IDE\sts-bundle\sts-3.8.4.RELEASE;
USERNAME=Sid
OS=Windows_NT
PROCESSOR_IDENTIFIER=Intel64 Family 6 Model 58 Stepping 9, GenuineIntel



---------------  S Y S T E M  ---------------

OS: Windows 10.0 , 64 bit Build 15063 (10.0.15063.296)

CPU:total 8 (initial active 8) (4 cores per cpu, 2 threads per core) family 6 model 58 stepping 9, cmov, cx8, fxsr, mmx, sse, sse2, sse3, ssse3, sse4.1, sse4.2, popcnt, avx, aes, clmul, erms, ht, tsc, tscinvbit, tscinv

Memory: 4k page, physical 8251156k(1654872k free), swap 10199828k(2808k free)

vm_info: Java HotSpot(TM) 64-Bit Server VM (25.131-b11) for windows-amd64 JRE (1.8.0_131-b11), built on Mar 15 2017 01:23:53 by "java_re" with MS VC++ 10.0 (VS2010)

time: Tue Aug 29 11:20:40 2017
elapsed time: 3 seconds (0d 0h 0m 3s)

